#
# There is insufficient memory for the Java Runtime Environment to continue.
# Native memory allocation (malloc) failed to allocate 2117296 bytes for Chunk::new
# Possible reasons:
#   The system is out of physical RAM or swap space
#   The process is running with CompressedOops enabled, and the Java Heap may be blocking the growth of the native heap
# Possible solutions:
#   Reduce memory load on the system
#   Increase physical memory or swap space
#   Check if swap backing store is full
#   Decrease Java heap size (-Xmx/-Xms)
#   Decrease number of Java threads
#   Decrease Java thread stack sizes (-Xss)
#   Set larger code cache with -XX:ReservedCodeCacheSize=
#   JVM is running with Unscaled Compressed Oops mode in which the Java heap is
#     placed in the first 4GB address space. The Java Heap base address is the
#     maximum limit for the native heap growth. Please use -XX:HeapBaseMinAddress
#     to set the Java Heap base and to place the Java Heap above 4GB virtual address.
# This output file may be truncated or incomplete.
#
#  Out of Memory Error (arena.cpp:189), pid=12792, tid=7424
#
# JRE version: Java(TM) SE Runtime Environment (17.0.2+8) (build 17.0.2+8-LTS-86)
# Java VM: Java HotSpot(TM) 64-Bit Server VM (17.0.2+8-LTS-86, mixed mode, sharing, tiered, compressed oops, compressed class ptrs, g1 gc, windows-amd64)
# No core dump will be written. Minidumps are not enabled by default on client versions of Windows
#

---------------  S U M M A R Y ------------

Command Line: -XX:MaxMetaspaceSize=512m --add-opens=java.base/java.util=ALL-UNNAMED --add-opens=java.base/java.lang=ALL-UNNAMED --add-opens=java.base/java.lang.invoke=ALL-UNNAMED --add-opens=java.prefs/java.util.prefs=ALL-UNNAMED --add-opens=java.base/java.nio.charset=ALL-UNNAMED --add-opens=java.base/java.net=ALL-UNNAMED --add-opens=java.base/java.util.concurrent.atomic=ALL-UNNAMED -Xmx2048m -Dfile.encoding=utf8 -Duser.country=US -Duser.language=en -Duser.variant -javaagent:C:\Users\risha\.gradle\wrapper\dists\gradle-8.3-all\6en3ugtfdg5xnpx44z4qbwgas\gradle-8.3\lib\agents\gradle-instrumentation-agent-8.3.jar org.gradle.launcher.daemon.bootstrap.GradleDaemon 8.3

Host: Intel(R) Core(TM) i3-10110U CPU @ 2.10GHz, 4 cores, 3G,  Windows 11 , 64 bit Build 22621 (10.0.22621.2506)
Time: Sat Feb  3 00:34:12 2024 India Standard Time elapsed time: 15.324076 seconds (0d 0h 0m 15s)

---------------  T H R E A D  ---------------

Current thread (0x0000024264468500):  JavaThread "C2 CompilerThread0" daemon [_thread_in_native, id=7424, stack(0x000000efaf700000,0x000000efaf800000)]


Current CompileTask:
C2:  15324 2875       4       java.lang.invoke.MethodType::makeImpl (109 bytes)

Stack: [0x000000efaf700000,0x000000efaf800000]
Native frames: (J=compiled Java code, j=interpreted, Vv=VM code, C=native code)
V  [jvm.dll+0x670baa]
V  [jvm.dll+0x7cfcb4]
V  [jvm.dll+0x7d145e]
V  [jvm.dll+0x7d1ac3]
V  [jvm.dll+0x242bc5]
V  [jvm.dll+0xaa57b]
V  [jvm.dll+0xaab0c]
V  [jvm.dll+0x35fd07]
V  [jvm.dll+0x32a331]
V  [jvm.dll+0x3297da]
V  [jvm.dll+0x215c91]
V  [jvm.dll+0x2150b1]
V  [jvm.dll+0x1a1bbd]
V  [jvm.dll+0x224908]
V  [jvm.dll+0x222a6c]
V  [jvm.dll+0x7859bb]
V  [jvm.dll+0x77ff7a]
V  [jvm.dll+0x66fa35]
C  [ucrtbase.dll+0x29363]
C  [KERNEL32.DLL+0x1257d]
C  [ntdll.dll+0x5aa58]


---------------  P R O C E S S  ---------------

Threads class SMR info:
_java_thread_list=0x0000024268ed4680, length=33, elements={
0x0000024246bb9090, 0x000002426444ff80, 0x0000024264450c00, 0x0000024264462230,
0x0000024264463df0, 0x00000242644649a0, 0x0000024264467360, 0x0000024264468500,
0x0000024264469740, 0x00000242644c72e0, 0x0000024246c6c7d0, 0x0000024265165600,
0x0000024267248010, 0x0000024266850120, 0x00000242665e3b00, 0x0000024266965460,
0x0000024266907130, 0x0000024265551fd0, 0x00000242667af830, 0x00000242651d54e0,
0x00000242651d3cd0, 0x00000242651d5010, 0x00000242651d41a0, 0x00000242651d5e80,
0x00000242651d7690, 0x00000242651d4670, 0x00000242651d59b0, 0x00000242651d6820,
0x00000242651d71c0, 0x00000242651d4b40, 0x00000242651d6cf0, 0x0000024267768550,
0x000002426776e590
}

Java Threads: ( => current thread )
  0x0000024246bb9090 JavaThread "main" [_thread_blocked, id=5640, stack(0x000000efaea00000,0x000000efaeb00000)]
  0x000002426444ff80 JavaThread "Reference Handler" daemon [_thread_blocked, id=9656, stack(0x000000efaf100000,0x000000efaf200000)]
  0x0000024264450c00 JavaThread "Finalizer" daemon [_thread_blocked, id=13972, stack(0x000000efaf200000,0x000000efaf300000)]
  0x0000024264462230 JavaThread "Signal Dispatcher" daemon [_thread_blocked, id=10276, stack(0x000000efaf300000,0x000000efaf400000)]
  0x0000024264463df0 JavaThread "Attach Listener" daemon [_thread_blocked, id=7560, stack(0x000000efaf400000,0x000000efaf500000)]
  0x00000242644649a0 JavaThread "Service Thread" daemon [_thread_blocked, id=11588, stack(0x000000efaf500000,0x000000efaf600000)]
  0x0000024264467360 JavaThread "Monitor Deflation Thread" daemon [_thread_blocked, id=11812, stack(0x000000efaf600000,0x000000efaf700000)]
=>0x0000024264468500 JavaThread "C2 CompilerThread0" daemon [_thread_in_native, id=7424, stack(0x000000efaf700000,0x000000efaf800000)]
  0x0000024264469740 JavaThread "C1 CompilerThread0" daemon [_thread_blocked, id=9612, stack(0x000000efaf800000,0x000000efaf900000)]
  0x00000242644c72e0 JavaThread "Sweeper thread" daemon [_thread_blocked, id=10532, stack(0x000000efaf900000,0x000000efafa00000)]
  0x0000024246c6c7d0 JavaThread "Common-Cleaner" daemon [_thread_blocked, id=10448, stack(0x000000efafa00000,0x000000efafb00000)]
  0x0000024265165600 JavaThread "Notification Thread" daemon [_thread_blocked, id=5388, stack(0x000000efafb00000,0x000000efafc00000)]
  0x0000024267248010 JavaThread "Daemon health stats" [_thread_blocked, id=9880, stack(0x000000efb0000000,0x000000efb0100000)]
  0x0000024266850120 JavaThread "Incoming local TCP Connector on port 51909" [_thread_in_native, id=14068, stack(0x000000efb0100000,0x000000efb0200000)]
  0x00000242665e3b00 JavaThread "Daemon periodic checks" [_thread_blocked, id=9124, stack(0x000000efb0200000,0x000000efb0300000)]
  0x0000024266965460 JavaThread "Daemon" [_thread_blocked, id=8956, stack(0x000000efb0300000,0x000000efb0400000)]
  0x0000024266907130 JavaThread "Handler for socket connection from /127.0.0.1:51909 to /127.0.0.1:51910" [_thread_in_native, id=9944, stack(0x000000efb0400000,0x000000efb0500000)]
  0x0000024265551fd0 JavaThread "Cancel handler" [_thread_blocked, id=1384, stack(0x000000efb0500000,0x000000efb0600000)]
  0x00000242667af830 JavaThread "Daemon worker" [_thread_in_native, id=7316, stack(0x000000efb0600000,0x000000efb0700000)]
  0x00000242651d54e0 JavaThread "Asynchronous log dispatcher for DefaultDaemonConnection: socket connection from /127.0.0.1:51909 to /127.0.0.1:51910" [_thread_blocked, id=10472, stack(0x000000efb0700000,0x000000efb0800000)]
  0x00000242651d3cd0 JavaThread "Stdin handler" [_thread_blocked, id=11428, stack(0x000000efb0800000,0x000000efb0900000)]
  0x00000242651d5010 JavaThread "Daemon client event forwarder" [_thread_blocked, id=12920, stack(0x000000efb0900000,0x000000efb0a00000)]
  0x00000242651d41a0 JavaThread "Cache worker for journal cache (C:\Users\risha\.gradle\caches\journal-1)" [_thread_blocked, id=1292, stack(0x000000efb0a00000,0x000000efb0b00000)]
  0x00000242651d5e80 JavaThread "File lock request listener" [_thread_in_native, id=10516, stack(0x000000efb0b00000,0x000000efb0c00000)]
  0x00000242651d7690 JavaThread "Cache worker for file hash cache (C:\Users\risha\.gradle\caches\8.3\fileHashes)" [_thread_blocked, id=11324, stack(0x000000efb0c00000,0x000000efb0d00000)]
  0x00000242651d4670 JavaThread "File watcher server" daemon [_thread_in_native, id=2876, stack(0x000000efb0d00000,0x000000efb0e00000)]
  0x00000242651d59b0 JavaThread "File watcher consumer" daemon [_thread_blocked, id=11572, stack(0x000000efb0e00000,0x000000efb0f00000)]
  0x00000242651d6820 JavaThread "Cache worker for checksums cache (C:\Users\risha\Desktop\app\Sonalika\android\.gradle\8.3\checksums)" [_thread_blocked, id=8632, stack(0x000000efb0f00000,0x000000efb1000000)]
  0x00000242651d71c0 JavaThread "Cache worker for file hash cache (C:\Users\risha\Desktop\app\Sonalika\android\.gradle\8.3\fileHashes)" [_thread_blocked, id=1104, stack(0x000000efb1000000,0x000000efb1100000)]
  0x00000242651d4b40 JavaThread "Cache worker for cache directory md-supplier (C:\Users\risha\.gradle\caches\8.3\md-supplier)" [_thread_blocked, id=13148, stack(0x000000efb1100000,0x000000efb1200000)]
  0x00000242651d6cf0 JavaThread "Cache worker for file content cache (C:\Users\risha\.gradle\caches\8.3\fileContent)" [_thread_blocked, id=13200, stack(0x000000efb1200000,0x000000efb1300000)]
  0x0000024267768550 JavaThread "Cache worker for cache directory md-rule (C:\Users\risha\.gradle\caches\8.3\md-rule)" [_thread_blocked, id=12908, stack(0x000000efb1300000,0x000000efb1400000)]
  0x000002426776e590 JavaThread "Cache worker for execution history cache (C:\Users\risha\.gradle\caches\8.3\executionHistory)" [_thread_blocked, id=13300, stack(0x000000efb1400000,0x000000efb1500000)]

Other Threads:
  0x0000024246c7a9a0 VMThread "VM Thread" [stack: 0x000000efaf000000,0x000000efaf100000] [id=10356]
  0x0000024265165ad0 WatcherThread [stack: 0x000000efafc00000,0x000000efafd00000] [id=11904]
  0x0000024244a3e810 GCTaskThread "GC Thread#0" [stack: 0x000000efaeb00000,0x000000efaec00000] [id=7128]
  0x00000242653b17e0 GCTaskThread "GC Thread#1" [stack: 0x000000efafd00000,0x000000efafe00000] [id=4352]
  0x00000242655039d0 GCTaskThread "GC Thread#2" [stack: 0x000000efafe00000,0x000000efaff00000] [id=2380]
  0x0000024265ee23a0 GCTaskThread "GC Thread#3" [stack: 0x000000efaff00000,0x000000efb0000000] [id=9456]
  0x0000024246c03b00 ConcurrentGCThread "G1 Main Marker" [stack: 0x000000efaec00000,0x000000efaed00000] [id=9552]
  0x0000024246c04420 ConcurrentGCThread "G1 Conc#0" [stack: 0x000000efaed00000,0x000000efaee00000] [id=12640]
  0x0000024246c51e80 ConcurrentGCThread "G1 Refine#0" [stack: 0x000000efaee00000,0x000000efaef00000] [id=11012]
  0x0000024246c53cb0 ConcurrentGCThread "G1 Service" [stack: 0x000000efaef00000,0x000000efaf000000] [id=11404]

Threads with active compile tasks:
C2 CompilerThread0    15374 2875       4       java.lang.invoke.MethodType::makeImpl (109 bytes)

VM state: not at safepoint (normal execution)

VM Mutex/Monitor currently owned by a thread: None

Heap address: 0x0000000080000000, size: 2048 MB, Compressed Oops mode: 32-bit

CDS archive(s) mapped at: [0x0000000800000000-0x0000000800bc0000-0x0000000800bc0000), size 12320768, SharedBaseAddress: 0x0000000800000000, ArchiveRelocationMode: 0.
Compressed class space mapped at: 0x0000000800c00000-0x000000081a800000, reserved size: 432013312
Narrow klass base: 0x0000000800000000, Narrow klass shift: 0, Narrow klass range: 0x100000000

GC Precious Log:
 CPUs: 4 total, 4 available
 Memory: 3944M
 Large Page Support: Disabled
 NUMA Support: Disabled
 Compressed Oops: Enabled (32-bit)
 Heap Region Size: 1M
 Heap Min Capacity: 8M
 Heap Initial Capacity: 62M
 Heap Max Capacity: 2G
 Pre-touch: Disabled
 Parallel Workers: 4
 Concurrent Workers: 1
 Concurrent Refinement Workers: 4
 Periodic GC: Disabled

Heap:
 garbage-first heap   total 63488K, used 39978K [0x0000000080000000, 0x0000000100000000)
  region size 1024K, 20 young (20480K), 2 survivors (2048K)
 Metaspace       used 23248K, committed 23616K, reserved 446464K
  class space    used 3460K, committed 3648K, reserved 421888K

Heap Regions: E=young(eden), S=young(survivor), O=old, HS=humongous(starts), HC=humongous(continues), CS=collection set, F=free, OA=open archive, CA=closed archive, TAMS=top-at-mark-start (previous, next)
|   0|0x0000000080000000, 0x0000000080100000, 0x0000000080100000|100%| O|  |TAMS 0x0000000080100000, 0x0000000080000000| Untracked 
|   1|0x0000000080100000, 0x0000000080200000, 0x0000000080200000|100%| O|  |TAMS 0x0000000080200000, 0x0000000080100000| Untracked 
|   2|0x0000000080200000, 0x0000000080300000, 0x0000000080300000|100%|HS|  |TAMS 0x0000000080300000, 0x0000000080200000| Complete 
|   3|0x0000000080300000, 0x0000000080400000, 0x0000000080400000|100%|HC|  |TAMS 0x0000000080400000, 0x0000000080300000| Complete 
|   4|0x0000000080400000, 0x0000000080500000, 0x0000000080500000|100%|HC|  |TAMS 0x0000000080500000, 0x0000000080400000| Complete 
|   5|0x0000000080500000, 0x0000000080600000, 0x0000000080600000|100%|HC|  |TAMS 0x0000000080600000, 0x0000000080500000| Complete 
|   6|0x0000000080600000, 0x0000000080700000, 0x0000000080700000|100%| O|  |TAMS 0x0000000080700000, 0x0000000080600000| Untracked 
|   7|0x0000000080700000, 0x0000000080800000, 0x0000000080800000|100%| O|  |TAMS 0x0000000080800000, 0x0000000080700000| Untracked 
|   8|0x0000000080800000, 0x0000000080900000, 0x0000000080900000|100%| O|  |TAMS 0x0000000080900000, 0x0000000080800000| Untracked 
|   9|0x0000000080900000, 0x0000000080a00000, 0x0000000080a00000|100%| O|  |TAMS 0x0000000080a00000, 0x0000000080900000| Untracked 
|  10|0x0000000080a00000, 0x0000000080b00000, 0x0000000080b00000|100%| O|  |TAMS 0x0000000080b00000, 0x0000000080a00000| Untracked 
|  11|0x0000000080b00000, 0x0000000080c00000, 0x0000000080c00000|100%| O|  |TAMS 0x0000000080c00000, 0x0000000080b00000| Untracked 
|  12|0x0000000080c00000, 0x0000000080d00000, 0x0000000080d00000|100%| O|  |TAMS 0x0000000080d00000, 0x0000000080c00000| Untracked 
|  13|0x0000000080d00000, 0x0000000080e00000, 0x0000000080e00000|100%| O|  |TAMS 0x0000000080e00000, 0x0000000080d00000| Untracked 
|  14|0x0000000080e00000, 0x0000000080f00000, 0x0000000080f00000|100%| O|  |TAMS 0x0000000080f00000, 0x0000000080e00000| Untracked 
|  15|0x0000000080f00000, 0x0000000081000000, 0x0000000081000000|100%| O|  |TAMS 0x0000000081000000, 0x0000000080f00000| Untracked 
|  16|0x0000000081000000, 0x0000000081100000, 0x0000000081100000|100%| O|  |TAMS 0x0000000081100000, 0x0000000081000000| Untracked 
|  17|0x0000000081100000, 0x0000000081200000, 0x0000000081200000|100%| O|  |TAMS 0x0000000081200000, 0x0000000081100000| Untracked 
|  18|0x0000000081200000, 0x0000000081300000, 0x0000000081300000|100%| O|  |TAMS 0x00000000812dcc00, 0x0000000081200000| Untracked 
|  19|0x0000000081300000, 0x0000000081400000, 0x0000000081400000|100%| O|  |TAMS 0x0000000081300000, 0x0000000081300000| Untracked 
|  20|0x0000000081400000, 0x0000000081446000, 0x0000000081500000| 27%| O|  |TAMS 0x0000000081400000, 0x0000000081400000| Untracked 
|  21|0x0000000081500000, 0x0000000081500000, 0x0000000081600000|  0%| F|  |TAMS 0x0000000081500000, 0x0000000081500000| Untracked 
|  22|0x0000000081600000, 0x0000000081600000, 0x0000000081700000|  0%| F|  |TAMS 0x0000000081600000, 0x0000000081600000| Untracked 
|  23|0x0000000081700000, 0x0000000081700000, 0x0000000081800000|  0%| F|  |TAMS 0x0000000081700000, 0x0000000081700000| Untracked 
|  24|0x0000000081800000, 0x0000000081800000, 0x0000000081900000|  0%| F|  |TAMS 0x0000000081800000, 0x0000000081800000| Untracked 
|  25|0x0000000081900000, 0x0000000081900000, 0x0000000081a00000|  0%| F|  |TAMS 0x0000000081900000, 0x0000000081900000| Untracked 
|  26|0x0000000081a00000, 0x0000000081a00000, 0x0000000081b00000|  0%| F|  |TAMS 0x0000000081a00000, 0x0000000081a00000| Untracked 
|  27|0x0000000081b00000, 0x0000000081b00000, 0x0000000081c00000|  0%| F|  |TAMS 0x0000000081b00000, 0x0000000081b00000| Untracked 
|  28|0x0000000081c00000, 0x0000000081c00000, 0x0000000081d00000|  0%| F|  |TAMS 0x0000000081c00000, 0x0000000081c00000| Untracked 
|  29|0x0000000081d00000, 0x0000000081d00000, 0x0000000081e00000|  0%| F|  |TAMS 0x0000000081d00000, 0x0000000081d00000| Untracked 
|  30|0x0000000081e00000, 0x0000000081e00000, 0x0000000081f00000|  0%| F|  |TAMS 0x0000000081e00000, 0x0000000081e00000| Untracked 
|  31|0x0000000081f00000, 0x0000000081f00000, 0x0000000082000000|  0%| F|  |TAMS 0x0000000081f00000, 0x0000000081f00000| Untracked 
|  32|0x0000000082000000, 0x0000000082000000, 0x0000000082100000|  0%| F|  |TAMS 0x0000000082000000, 0x0000000082000000| Untracked 
|  33|0x0000000082100000, 0x0000000082100000, 0x0000000082200000|  0%| F|  |TAMS 0x0000000082100000, 0x0000000082100000| Untracked 
|  34|0x0000000082200000, 0x0000000082200000, 0x0000000082300000|  0%| F|  |TAMS 0x0000000082200000, 0x0000000082200000| Untracked 
|  35|0x0000000082300000, 0x0000000082300000, 0x0000000082400000|  0%| F|  |TAMS 0x0000000082300000, 0x0000000082300000| Untracked 
|  36|0x0000000082400000, 0x0000000082400000, 0x0000000082500000|  0%| F|  |TAMS 0x0000000082400000, 0x0000000082400000| Untracked 
|  37|0x0000000082500000, 0x0000000082500000, 0x0000000082600000|  0%| F|  |TAMS 0x0000000082500000, 0x0000000082500000| Untracked 
|  38|0x0000000082600000, 0x0000000082600000, 0x0000000082700000|  0%| F|  |TAMS 0x0000000082600000, 0x0000000082600000| Untracked 
|  39|0x0000000082700000, 0x0000000082700000, 0x0000000082800000|  0%| F|  |TAMS 0x0000000082700000, 0x0000000082700000| Untracked 
|  40|0x0000000082800000, 0x0000000082800000, 0x0000000082900000|  0%| F|  |TAMS 0x0000000082800000, 0x0000000082800000| Untracked 
|  41|0x0000000082900000, 0x0000000082900000, 0x0000000082a00000|  0%| F|  |TAMS 0x0000000082900000, 0x0000000082900000| Untracked 
|  42|0x0000000082a00000, 0x0000000082ae4e00, 0x0000000082b00000| 89%| E|  |TAMS 0x0000000082a00000, 0x0000000082a00000| Complete 
|  43|0x0000000082b00000, 0x0000000082c00000, 0x0000000082c00000|100%| E|CS|TAMS 0x0000000082b00000, 0x0000000082b00000| Complete 
|  44|0x0000000082c00000, 0x0000000082d00000, 0x0000000082d00000|100%| E|CS|TAMS 0x0000000082c00000, 0x0000000082c00000| Complete 
|  45|0x0000000082d00000, 0x0000000082e00000, 0x0000000082e00000|100%| E|CS|TAMS 0x0000000082d00000, 0x0000000082d00000| Complete 
|  46|0x0000000082e00000, 0x0000000082f00000, 0x0000000082f00000|100%| E|CS|TAMS 0x0000000082e00000, 0x0000000082e00000| Complete 
|  47|0x0000000082f00000, 0x0000000083000000, 0x0000000083000000|100%| E|CS|TAMS 0x0000000082f00000, 0x0000000082f00000| Complete 
|  48|0x0000000083000000, 0x0000000083100000, 0x0000000083100000|100%| E|CS|TAMS 0x0000000083000000, 0x0000000083000000| Complete 
|  49|0x0000000083100000, 0x0000000083200000, 0x0000000083200000|100%| E|CS|TAMS 0x0000000083100000, 0x0000000083100000| Complete 
|  50|0x0000000083200000, 0x0000000083300000, 0x0000000083300000|100%| E|CS|TAMS 0x0000000083200000, 0x0000000083200000| Complete 
|  51|0x0000000083300000, 0x00000000833c4ab0, 0x0000000083400000| 76%| S|CS|TAMS 0x0000000083300000, 0x0000000083300000| Complete 
|  52|0x0000000083400000, 0x0000000083500000, 0x0000000083500000|100%| S|CS|TAMS 0x0000000083400000, 0x0000000083400000| Complete 
|  53|0x0000000083500000, 0x0000000083600000, 0x0000000083600000|100%| E|CS|TAMS 0x0000000083500000, 0x0000000083500000| Complete 
|  54|0x0000000083600000, 0x0000000083700000, 0x0000000083700000|100%| E|CS|TAMS 0x0000000083600000, 0x0000000083600000| Complete 
|  55|0x0000000083700000, 0x0000000083800000, 0x0000000083800000|100%| E|CS|TAMS 0x0000000083700000, 0x0000000083700000| Complete 
|  56|0x0000000083800000, 0x0000000083900000, 0x0000000083900000|100%| E|CS|TAMS 0x0000000083800000, 0x0000000083800000| Complete 
|  57|0x0000000083900000, 0x0000000083a00000, 0x0000000083a00000|100%| E|CS|TAMS 0x0000000083900000, 0x0000000083900000| Complete 
|  58|0x0000000083a00000, 0x0000000083b00000, 0x0000000083b00000|100%| E|CS|TAMS 0x0000000083a00000, 0x0000000083a00000| Complete 
|  59|0x0000000083b00000, 0x0000000083c00000, 0x0000000083c00000|100%| E|CS|TAMS 0x0000000083b00000, 0x0000000083b00000| Complete 
|  60|0x0000000083c00000, 0x0000000083d00000, 0x0000000083d00000|100%| E|CS|TAMS 0x0000000083c00000, 0x0000000083c00000| Complete 
|  61|0x0000000083d00000, 0x0000000083e00000, 0x0000000083e00000|100%| E|CS|TAMS 0x0000000083d00000, 0x0000000083d00000| Complete 

Card table byte_map: [0x000002425d800000,0x000002425dc00000] _byte_map_base: 0x000002425d400000

Marking Bits (Prev, Next): (CMBitMap*) 0x0000024246bf3210, (CMBitMap*) 0x0000024246bf31d0
 Prev Bits: [0x0000024260000000, 0x0000024262000000)
 Next Bits: [0x000002425e000000, 0x0000024260000000)

Polling page: 0x0000024244b00000

Metaspace:

Usage:
  Non-class:     19.33 MB used.
      Class:      3.38 MB used.
       Both:     22.71 MB used.

Virtual space:
  Non-class space:       24.00 MB reserved,      19.50 MB ( 81%) committed,  3 nodes.
      Class space:      412.00 MB reserved,       3.56 MB ( <1%) committed,  1 nodes.
             Both:      436.00 MB reserved,      23.06 MB (  5%) committed. 

Chunk freelists:
   Non-Class:  3.70 MB
       Class:  496.00 KB
        Both:  4.19 MB

MaxMetaspaceSize: 512.00 MB
CompressedClassSpaceSize: 412.00 MB
Initial GC threshold: 21.00 MB
Current GC threshold: 35.25 MB
CDS: on
MetaspaceReclaimPolicy: balanced
 - commit_granule_bytes: 65536.
 - commit_granule_words: 8192.
 - virtual_space_node_default_size: 1048576.
 - enlarge_chunks_in_place: 1.
 - new_chunks_are_fully_committed: 0.
 - uncommit_free_chunks: 1.
 - use_allocation_guard: 0.
 - handle_deallocations: 1.


Internal statistics:

num_allocs_failed_limit: 3.
num_arena_births: 264.
num_arena_deaths: 0.
num_vsnodes_births: 4.
num_vsnodes_deaths: 0.
num_space_committed: 369.
num_space_uncommitted: 0.
num_chunks_returned_to_freelist: 3.
num_chunks_taken_from_freelist: 1105.
num_chunk_merges: 3.
num_chunk_splits: 743.
num_chunks_enlarged: 530.
num_purges: 0.
num_inconsistent_stats: 0.

CodeHeap 'non-profiled nmethods': size=120000Kb used=1427Kb max_used=1427Kb free=118572Kb
 bounds [0x0000024255ed0000, 0x0000024256140000, 0x000002425d400000]
CodeHeap 'profiled nmethods': size=120000Kb used=6067Kb max_used=6067Kb free=113932Kb
 bounds [0x000002424e9a0000, 0x000002424ef90000, 0x0000024255ed0000]
CodeHeap 'non-nmethods': size=5760Kb used=1235Kb max_used=1299Kb free=4524Kb
 bounds [0x000002424e400000, 0x000002424e670000, 0x000002424e9a0000]
 total_blobs=3446 nmethods=2903 adapters=454
 compilation: enabled
              stopped_count=0, restarted_count=0
 full_count=0

Compilation events (20 events):
Event: 15.171 Thread 0x0000024264469740 2896       3       java.lang.Class::privateGetDeclaredFields (64 bytes)
Event: 15.172 Thread 0x0000024264469740 nmethod 2896 0x000002424ef87810 code [0x000002424ef87a40, 0x000002424ef88238]
Event: 15.172 Thread 0x0000024264469740 2897       3       com.google.common.collect.Maps::newLinkedHashMap (8 bytes)
Event: 15.172 Thread 0x0000024264469740 nmethod 2897 0x000002424ef88490 code [0x000002424ef88640, 0x000002424ef88918]
Event: 15.174 Thread 0x0000024264469740 2899       3       org.gradle.model.internal.asm.ClassVisitorScope::publicMethod (9 bytes)
Event: 15.174 Thread 0x0000024264469740 nmethod 2899 0x000002424ef88a90 code [0x000002424ef88c40, 0x000002424ef88e08]
Event: 15.174 Thread 0x0000024264469740 2900       3       org.gradle.model.internal.asm.MethodVisitorScope::_IRETURN_OF (12 bytes)
Event: 15.175 Thread 0x0000024264469740 nmethod 2900 0x000002424ef88f10 code [0x000002424ef890c0, 0x000002424ef89378]
Event: 15.176 Thread 0x0000024264469740 2901       3       org.gradle.model.internal.asm.MethodVisitorScope::emit (11 bytes)
Event: 15.176 Thread 0x0000024264469740 nmethod 2901 0x000002424ef89490 code [0x000002424ef89640, 0x000002424ef89828]
Event: 15.176 Thread 0x0000024264469740 2902       3       org.objectweb.asm.SymbolTable::getType (7 bytes)
Event: 15.176 Thread 0x0000024264469740 nmethod 2902 0x000002424ef89910 code [0x000002424ef89aa0, 0x000002424ef89bd8]
Event: 15.215 Thread 0x0000024264469740 2904       3       java.lang.invoke.MethodHandles$Lookup::checkMethod (87 bytes)
Event: 15.215 Thread 0x0000024264469740 nmethod 2904 0x000002424ef89c90 code [0x000002424ef89ea0, 0x000002424ef8a618]
Event: 15.215 Thread 0x0000024264469740 2905       3       java.lang.invoke.MethodHandles$Lookup::maybeBindCaller (72 bytes)
Event: 15.216 Thread 0x0000024264469740 nmethod 2905 0x000002424ef8a890 code [0x000002424ef8aac0, 0x000002424ef8b388]
Event: 15.231 Thread 0x0000024264469740 2906       3       com.google.common.base.Preconditions::checkArgument (28 bytes)
Event: 15.231 Thread 0x0000024264469740 nmethod 2906 0x000002424ef8b690 code [0x000002424ef8b880, 0x000002424ef8beb8]
Event: 15.231 Thread 0x0000024264469740 2907       3       com.google.common.io.BaseEncoding$Alphabet::encode (7 bytes)
Event: 15.232 Thread 0x0000024264469740 nmethod 2907 0x000002424ef8c110 code [0x000002424ef8c2a0, 0x000002424ef8c3d8]

GC Heap History (16 events):
Event: 1.151 GC heap before
{Heap before GC invocations=0 (full 0):
 garbage-first heap   total 63488K, used 13312K [0x0000000080000000, 0x0000000100000000)
  region size 1024K, 13 young (13312K), 0 survivors (0K)
 Metaspace       used 1033K, committed 1152K, reserved 430080K
  class space    used 83K, committed 128K, reserved 421888K
}
Event: 1.176 GC heap after
{Heap after GC invocations=1 (full 0):
 garbage-first heap   total 63488K, used 3280K [0x0000000080000000, 0x0000000100000000)
  region size 1024K, 2 young (2048K), 2 survivors (2048K)
 Metaspace       used 1033K, committed 1152K, reserved 430080K
  class space    used 83K, committed 128K, reserved 421888K
}
Event: 2.894 GC heap before
{Heap before GC invocations=1 (full 0):
 garbage-first heap   total 63488K, used 21712K [0x0000000080000000, 0x0000000100000000)
  region size 1024K, 17 young (17408K), 2 survivors (2048K)
 Metaspace       used 3860K, committed 4032K, reserved 430080K
  class space    used 487K, committed 576K, reserved 421888K
}
Event: 2.908 GC heap after
{Heap after GC invocations=2 (full 0):
 garbage-first heap   total 63488K, used 10786K [0x0000000080000000, 0x0000000100000000)
  region size 1024K, 3 young (3072K), 3 survivors (3072K)
 Metaspace       used 3860K, committed 4032K, reserved 430080K
  class space    used 487K, committed 576K, reserved 421888K
}
Event: 3.439 GC heap before
{Heap before GC invocations=2 (full 0):
 garbage-first heap   total 63488K, used 30242K [0x0000000080000000, 0x0000000100000000)
  region size 1024K, 22 young (22528K), 3 survivors (3072K)
 Metaspace       used 3996K, committed 4160K, reserved 430080K
  class space    used 490K, committed 576K, reserved 421888K
}
Event: 3.443 GC heap after
{Heap after GC invocations=3 (full 0):
 garbage-first heap   total 63488K, used 11244K [0x0000000080000000, 0x0000000100000000)
  region size 1024K, 1 young (1024K), 1 survivors (1024K)
 Metaspace       used 3996K, committed 4160K, reserved 430080K
  class space    used 490K, committed 576K, reserved 421888K
}
Event: 8.904 GC heap before
{Heap before GC invocations=3 (full 0):
 garbage-first heap   total 63488K, used 42988K [0x0000000080000000, 0x0000000100000000)
  region size 1024K, 32 young (32768K), 1 survivors (1024K)
 Metaspace       used 9012K, committed 9280K, reserved 438272K
  class space    used 1194K, committed 1344K, reserved 421888K
}
Event: 8.930 GC heap after
{Heap after GC invocations=4 (full 0):
 garbage-first heap   total 63488K, used 17797K [0x0000000080000000, 0x0000000100000000)
  region size 1024K, 4 young (4096K), 4 survivors (4096K)
 Metaspace       used 9012K, committed 9280K, reserved 438272K
  class space    used 1194K, committed 1344K, reserved 421888K
}
Event: 10.851 GC heap before
{Heap before GC invocations=4 (full 0):
 garbage-first heap   total 63488K, used 40325K [0x0000000080000000, 0x0000000100000000)
  region size 1024K, 27 young (27648K), 4 survivors (4096K)
 Metaspace       used 13069K, committed 13312K, reserved 438272K
  class space    used 1830K, committed 1984K, reserved 421888K
}
Event: 10.860 GC heap after
{Heap after GC invocations=5 (full 0):
 garbage-first heap   total 63488K, used 19466K [0x0000000080000000, 0x0000000100000000)
  region size 1024K, 2 young (2048K), 2 survivors (2048K)
 Metaspace       used 13069K, committed 13312K, reserved 438272K
  class space    used 1830K, committed 1984K, reserved 421888K
}
Event: 13.443 GC heap before
{Heap before GC invocations=5 (full 0):
 garbage-first heap   total 63488K, used 44042K [0x0000000080000000, 0x0000000100000000)
  region size 1024K, 26 young (26624K), 2 survivors (2048K)
 Metaspace       used 16615K, committed 16896K, reserved 438272K
  class space    used 2415K, committed 2560K, reserved 421888K
}
Event: 13.446 GC heap after
{Heap after GC invocations=6 (full 0):
 garbage-first heap   total 63488K, used 20776K [0x0000000080000000, 0x0000000100000000)
  region size 1024K, 3 young (3072K), 3 survivors (3072K)
 Metaspace       used 16615K, committed 16896K, reserved 438272K
  class space    used 2415K, committed 2560K, reserved 421888K
}
Event: 14.375 GC heap before
{Heap before GC invocations=6 (full 0):
 garbage-first heap   total 63488K, used 45352K [0x0000000080000000, 0x0000000100000000)
  region size 1024K, 27 young (27648K), 3 survivors (3072K)
 Metaspace       used 20054K, committed 20416K, reserved 446464K
  class space    used 2964K, committed 3136K, reserved 421888K
}
Event: 14.382 GC heap after
{Heap after GC invocations=7 (full 0):
 garbage-first heap   total 63488K, used 22224K [0x0000000080000000, 0x0000000100000000)
  region size 1024K, 3 young (3072K), 3 survivors (3072K)
 Metaspace       used 20054K, committed 20416K, reserved 446464K
  class space    used 2964K, committed 3136K, reserved 421888K
}
Event: 14.705 GC heap before
{Heap before GC invocations=7 (full 0):
 garbage-first heap   total 63488K, used 30416K [0x0000000080000000, 0x0000000100000000)
  region size 1024K, 12 young (12288K), 3 survivors (3072K)
 Metaspace       used 21159K, committed 21504K, reserved 446464K
  class space    used 3127K, committed 3328K, reserved 421888K
}
Event: 14.712 GC heap after
{Heap after GC invocations=8 (full 0):
 garbage-first heap   total 63488K, used 22570K [0x0000000080000000, 0x0000000100000000)
  region size 1024K, 2 young (2048K), 2 survivors (2048K)
 Metaspace       used 21159K, committed 21504K, reserved 446464K
  class space    used 3127K, committed 3328K, reserved 421888K
}

Deoptimization events (20 events):
Event: 11.108 Thread 0x00000242667af830 Uncommon trap: trap_request=0xffffff45 fr.pc=0x0000024255f447a8 relative=0x0000000000000608
Event: 11.108 Thread 0x00000242667af830 Uncommon trap: reason=unstable_if action=reinterpret pc=0x0000024255f447a8 method=java.io.File.getName()Ljava/lang/String; @ 16 c2
Event: 11.108 Thread 0x00000242667af830 DEOPT PACKING pc=0x0000024255f447a8 sp=0x000000efb06fcdc0
Event: 11.108 Thread 0x00000242667af830 DEOPT UNPACKING pc=0x000002424e4523a3 sp=0x000000efb06fcd90 mode 2
Event: 13.517 Thread 0x00000242667af830 Uncommon trap: trap_request=0xffffff45 fr.pc=0x000002425600923c relative=0x00000000000002fc
Event: 13.517 Thread 0x00000242667af830 Uncommon trap: reason=unstable_if action=reinterpret pc=0x000002425600923c method=java.util.HashMap.getNode(Ljava/lang/Object;)Ljava/util/HashMap$Node; @ 131 c2
Event: 13.518 Thread 0x00000242667af830 DEOPT PACKING pc=0x000002425600923c sp=0x000000efb06fadc0
Event: 13.518 Thread 0x00000242667af830 DEOPT UNPACKING pc=0x000002424e4523a3 sp=0x000000efb06face0 mode 2
Event: 14.117 Thread 0x00000242667af830 Uncommon trap: trap_request=0xffffff76 fr.pc=0x000002425601a3a4 relative=0x0000000000000184
Event: 14.117 Thread 0x00000242667af830 Uncommon trap: reason=predicate action=maybe_recompile pc=0x000002425601a3a4 method=com.google.common.base.CharMatcher.indexIn(Ljava/lang/CharSequence;I)I @ 19 c2
Event: 14.117 Thread 0x00000242667af830 DEOPT PACKING pc=0x000002425601a3a4 sp=0x000000efb06fa480
Event: 14.117 Thread 0x00000242667af830 DEOPT UNPACKING pc=0x000002424e4523a3 sp=0x000000efb06fa410 mode 2
Event: 14.395 Thread 0x00000242667af830 Uncommon trap: trap_request=0xffffff45 fr.pc=0x0000024255f9c568 relative=0x0000000000000568
Event: 14.395 Thread 0x00000242667af830 Uncommon trap: reason=unstable_if action=reinterpret pc=0x0000024255f9c568 method=java.util.Properties$LineReader.readLine()I @ 95 c2
Event: 14.395 Thread 0x00000242667af830 DEOPT PACKING pc=0x0000024255f9c568 sp=0x000000efb06fb3a0
Event: 14.395 Thread 0x00000242667af830 DEOPT UNPACKING pc=0x000002424e4523a3 sp=0x000000efb06fb340 mode 2
Event: 14.959 Thread 0x00000242667af830 Uncommon trap: trap_request=0xffffff45 fr.pc=0x0000024255f363b0 relative=0x00000000000005f0
Event: 14.959 Thread 0x00000242667af830 Uncommon trap: reason=unstable_if action=reinterpret pc=0x0000024255f363b0 method=java.util.HashMap.hash(Ljava/lang/Object;)I @ 1 c2
Event: 14.959 Thread 0x00000242667af830 DEOPT PACKING pc=0x0000024255f363b0 sp=0x000000efb06f8940
Event: 14.959 Thread 0x00000242667af830 DEOPT UNPACKING pc=0x000002424e4523a3 sp=0x000000efb06f87e8 mode 2

Classes unloaded (0 events):
No events

Classes redefined (0 events):
No events

Internal exceptions (20 events):
Event: 13.533 Thread 0x00000242667af830 Exception <a 'java/lang/NoSuchMethodError'{0x0000000083be43c8}: 'java.lang.Object java.lang.invoke.DirectMethodHandle$Holder.newInvokeSpecial(java.lang.Object, java.lang.Object, java.lang.Object, java.lang.Object, java.lang.Object, java.lang.Object, java.lang.Object)'> (0x0000000083be43c8) 
thrown [t:\workspace\open\src\hotspot\share\interpreter\linkResolver.cpp, line 766]
Event: 13.533 Thread 0x00000242667af830 Exception <a 'java/lang/NoSuchMethodError'{0x0000000083be9098}: 'java.lang.Object java.lang.invoke.Invokers$Holder.linkToTargetMethod(java.lang.Object, java.lang.Object, java.lang.Object, java.lang.Object, java.lang.Object, java.lang.Object, java.lang.Object)'> (0x0000000083be9098) 
thrown [t:\workspace\open\src\hotspot\share\interpreter\linkResolver.cpp, line 766]
Event: 14.171 Thread 0x00000242667af830 Exception <a 'java/lang/NoSuchMethodError'{0x0000000082a7dcf8}: 'void java.lang.invoke.DirectMethodHandle$Holder.invokeStatic(java.lang.Object, java.lang.Object, java.lang.Object, java.lang.Object)'> (0x0000000082a7dcf8) 
thrown [t:\workspace\open\src\hotspot\share\interpreter\linkResolver.cpp, line 766]
Event: 14.174 Thread 0x00000242667af830 Exception <a 'java/lang/NoSuchMethodError'{0x0000000082a923e8}: 'int java.lang.invoke.DirectMethodHandle$Holder.invokeVirtual(java.lang.Object, java.lang.Object)'> (0x0000000082a923e8) 
thrown [t:\workspace\open\src\hotspot\share\interpreter\linkResolver.cpp, line 766]
Event: 14.177 Thread 0x00000242667af830 Exception <a 'java/lang/NoSuchMethodError'{0x0000000082aa4cb8}: 'java.lang.Object java.lang.invoke.DirectMethodHandle$Holder.invokeStaticInit(java.lang.Object, java.lang.Object, java.lang.Object)'> (0x0000000082aa4cb8) 
thrown [t:\workspace\open\src\hotspot\share\interpreter\linkResolver.cpp, line 766]
Event: 14.180 Thread 0x00000242667af830 Exception <a 'java/lang/NoSuchMethodError'{0x0000000082aba568}: 'int java.lang.invoke.DirectMethodHandle$Holder.invokeVirtual(java.lang.Object, java.lang.Object, java.lang.Object)'> (0x0000000082aba568) 
thrown [t:\workspace\open\src\hotspot\share\interpreter\linkResolver.cpp, line 766]
Event: 14.212 Thread 0x00000242651d5010 Exception <a 'java/lang/NoSuchMethodError'{0x0000000083d63930}: static Lorg/gradle/internal/build/event/types/DefaultOperationFinishedProgressEvent;.<clinit>()V> (0x0000000083d63930) 
thrown [t:\workspace\open\src\hotspot\share\prims\jni.cpp, line 1107]
Event: 14.215 Thread 0x00000242651d5010 Exception <a 'java/lang/NoSuchMethodError'{0x000000008280fee0}: static Lorg/gradle/internal/build/event/types/DefaultSuccessResult;.<clinit>()V> (0x000000008280fee0) 
thrown [t:\workspace\open\src\hotspot\share\prims\jni.cpp, line 1107]
Event: 14.215 Thread 0x00000242651d5010 Exception <a 'java/lang/NoSuchMethodError'{0x0000000082810bd0}: static Lorg/gradle/internal/build/event/types/AbstractOperationResult;.<clinit>()V> (0x0000000082810bd0) 
thrown [t:\workspace\open\src\hotspot\share\prims\jni.cpp, line 1107]
Event: 14.215 Thread 0x00000242651d5010 Exception <a 'java/lang/NoSuchMethodError'{0x0000000082811b90}: static Lorg/gradle/internal/build/event/types/AbstractResult;.<clinit>()V> (0x0000000082811b90) 
thrown [t:\workspace\open\src\hotspot\share\prims\jni.cpp, line 1107]
Event: 14.241 Thread 0x00000242667af830 Exception <a 'java/lang/NoSuchMethodError'{0x0000000082876320}: 'java.lang.Object java.lang.invoke.DirectMethodHandle$Holder.invokeStatic(java.lang.Object, java.lang.Object, int, java.lang.Object)'> (0x0000000082876320) 
thrown [t:\workspace\open\src\hotspot\share\interpreter\linkResolver.cpp, line 766]
Event: 14.242 Thread 0x00000242667af830 Exception <a 'java/lang/NoSuchMethodError'{0x000000008287e2b0}: 'java.lang.Object java.lang.invoke.DirectMethodHandle$Holder.newInvokeSpecial(java.lang.Object, java.lang.Object, int)'> (0x000000008287e2b0) 
thrown [t:\workspace\open\src\hotspot\share\interpreter\linkResolver.cpp, line 766]
Event: 14.705 Thread 0x00000242667af830 Exception <a 'java/lang/NoSuchMethodError'{0x00000000835f9be8}: 'java.lang.Object java.lang.invoke.DirectMethodHandle$Holder.invokeSpecialIFC(java.lang.Object, java.lang.Object, java.lang.Object, java.lang.Object)'> (0x00000000835f9be8) 
thrown [t:\workspace\open\src\hotspot\share\interpreter\linkResolver.cpp, line 766]
Event: 14.729 Thread 0x00000242667af830 Exception <a 'java/lang/NoSuchMethodError'{0x0000000083d82528}: 'java.lang.Object java.lang.invoke.DirectMethodHandle$Holder.newInvokeSpecial(java.lang.Object, java.lang.Object, java.lang.Object, java.lang.Object, java.lang.Object, java.lang.Object, java.lang.Object, java.lang.Object, java.lang.Object, java.lang.Object)'> (0x0000000083d82528) 
thrown [t:\workspace\open\src\hotspot\share\interpreter\linkResolver.cpp, line 766]
Event: 14.730 Thread 0x00000242667af830 Exception <a 'java/lang/NoSuchMethodError'{0x0000000083d87410}: 'java.lang.Object java.lang.invoke.Invokers$Holder.linkToTargetMethod(java.lang.Object, java.lang.Object, java.lang.Object, java.lang.Object, java.lang.Object, java.lang.Object, java.lang.Object, java.lang.Object, java.lang.Object, java.lang.Object)'> (0x0000000083d87410) 
thrown [t:\workspace\open\src\hotspot\share\interpreter\linkResolver.cpp, line 766]
Event: 14.743 Thread 0x00000242667af830 Exception <a 'java/lang/NoSuchMethodError'{0x0000000083df98d0}: 'java.lang.Object java.lang.invoke.DirectMethodHandle$Holder.newInvokeSpecial(java.lang.Object, java.lang.Object, java.lang.Object, java.lang.Object, java.lang.Object, java.lang.Object, java.lang.Object, java.lang.Object, java.lang.Object, java.lang.Object, java.lang.Object)'> (0x0000000083df98d0) 
thrown [t:\workspace\open\src\hotspot\share\interpreter\linkResolver.cpp, line 766]
Event: 14.749 Thread 0x00000242667af830 Exception <a 'java/lang/NoSuchMethodError'{0x0000000083dff408}: 'java.lang.Object java.lang.invoke.DirectMethodHandle$Holder.invokeSpecial(java.lang.Object, java.lang.Object, java.lang.Object, java.lang.Object, java.lang.Object, java.lang.Object, java.lang.Object, java.lang.Object, java.lang.Object, java.lang.Object, java.lang.Object, java.lang.Object)'> (0x0000000083dff408) 
thrown [t:\workspace\open\src\hotspot\share\interpreter\linkResolver.cpp, line 766]
Event: 14.750 Thread 0x00000242667af830 Exception <a 'java/lang/NoSuchMethodError'{0x0000000083c04ce8}: 'java.lang.Object java.lang.invoke.Invokers$Holder.linkToTargetMethod(java.lang.Object, java.lang.Object, java.lang.Object, java.lang.Object, java.lang.Object, java.lang.Object, java.lang.Object, java.lang.Object, java.lang.Object, java.lang.Object, java.lang.Object)'> (0x0000000083c04ce8) 
thrown [t:\workspace\open\src\hotspot\share\interpreter\linkResolver.cpp, line 766]
Event: 14.788 Thread 0x00000242667af830 Exception <a 'java/lang/NoSuchMethodError'{0x0000000083cbabe8}: 'java.lang.Object java.lang.invoke.DirectMethodHandle$Holder.invokeStaticInit(java.lang.Object, java.lang.Object, java.lang.Object, java.lang.Object)'> (0x0000000083cbabe8) 
thrown [t:\workspace\open\src\hotspot\share\interpreter\linkResolver.cpp, line 766]
Event: 14.959 Thread 0x00000242667af830 Implicit null exception at 0x0000024255f35e0f to 0x0000024255f36390

VM Operations (20 events):
Event: 11.178 Executing VM operation: HandshakeAllThreads
Event: 11.178 Executing VM operation: HandshakeAllThreads done
Event: 12.192 Executing VM operation: Cleanup
Event: 12.192 Executing VM operation: Cleanup done
Event: 13.201 Executing VM operation: Cleanup
Event: 13.202 Executing VM operation: Cleanup done
Event: 13.443 Executing VM operation: G1CollectForAllocation
Event: 13.446 Executing VM operation: G1CollectForAllocation done
Event: 14.375 Executing VM operation: G1CollectForAllocation
Event: 14.383 Executing VM operation: G1CollectForAllocation done
Event: 14.399 Executing VM operation: HandshakeAllThreads
Event: 14.399 Executing VM operation: HandshakeAllThreads done
Event: 14.705 Executing VM operation: CollectForMetadataAllocation
Event: 14.712 Executing VM operation: CollectForMetadataAllocation done
Event: 14.744 Executing VM operation: G1Concurrent
Event: 14.749 Executing VM operation: G1Concurrent done
Event: 14.761 Executing VM operation: G1Concurrent
Event: 14.761 Executing VM operation: G1Concurrent done
Event: 14.962 Executing VM operation: HandshakeAllThreads
Event: 14.962 Executing VM operation: HandshakeAllThreads done

Events (20 events):
Event: 14.172 Thread 0x00000242651d59b0 Thread added: 0x00000242651d59b0
Event: 14.180 loading class java/util/ArrayDeque$DeqSpliterator
Event: 14.181 loading class java/util/ArrayDeque$DeqSpliterator done
Event: 14.686 Thread 0x00000242651d6820 Thread added: 0x00000242651d6820
Event: 14.769 Thread 0x00000242651d71c0 Thread added: 0x00000242651d71c0
Event: 14.835 Thread 0x00000242651d4b40 Thread added: 0x00000242651d4b40
Event: 14.877 Thread 0x00000242651d6cf0 Thread added: 0x00000242651d6cf0
Event: 14.945 loading class java/lang/invoke/SerializedLambda
Event: 14.945 loading class java/lang/invoke/SerializedLambda done
Event: 14.959 loading class sun/reflect/misc/ReflectUtil
Event: 14.959 loading class sun/reflect/misc/ReflectUtil done
Event: 14.964 loading class java/lang/Class$EnclosingMethodInfo
Event: 14.964 loading class java/lang/Class$EnclosingMethodInfo done
Event: 14.966 loading class sun/reflect/generics/tree/IntSignature
Event: 14.966 loading class sun/reflect/generics/tree/IntSignature done
Event: 14.966 loading class sun/reflect/generics/tree/ArrayTypeSignature
Event: 14.966 loading class sun/reflect/generics/tree/ArrayTypeSignature done
Event: 14.975 loading class java/lang/SafeVarargs
Event: 14.976 loading class java/lang/SafeVarargs done
Event: 15.077 Thread 0x0000024267768550 Thread added: 0x0000024267768550


Dynamic libraries:
0x00007ff6ad530000 - 0x00007ff6ad540000 	C:\Program Files\Java\jdk-17.0.2\bin\java.exe
0x00007ffa11470000 - 0x00007ffa11687000 	C:\WINDOWS\SYSTEM32\ntdll.dll
0x00007ffa10640000 - 0x00007ffa10704000 	C:\WINDOWS\System32\KERNEL32.DLL
0x00007ffa0ee10000 - 0x00007ffa0f1b6000 	C:\WINDOWS\System32\KERNELBASE.dll
0x00007ffa0ec80000 - 0x00007ffa0ed91000 	C:\WINDOWS\System32\ucrtbase.dll
0x00007ff9d9a50000 - 0x00007ff9d9a68000 	C:\Program Files\Java\jdk-17.0.2\bin\jli.dll
0x00007ffa10c20000 - 0x00007ffa10cd3000 	C:\WINDOWS\System32\ADVAPI32.dll
0x00007ffa10710000 - 0x00007ffa107b7000 	C:\WINDOWS\System32\msvcrt.dll
0x00007ff9ddd00000 - 0x00007ff9ddd1a000 	C:\Program Files\Java\jdk-17.0.2\bin\VCRUNTIME140.dll
0x00007ffa10590000 - 0x00007ffa10638000 	C:\WINDOWS\System32\sechost.dll
0x00007ffa0ea90000 - 0x00007ffa0eab8000 	C:\WINDOWS\System32\bcrypt.dll
0x00007ffa10aa0000 - 0x00007ffa10bb7000 	C:\WINDOWS\System32\RPCRT4.dll
0x00007ffa0f880000 - 0x00007ffa0fa2e000 	C:\WINDOWS\System32\USER32.dll
0x00007ffa0e9e0000 - 0x00007ffa0ea06000 	C:\WINDOWS\System32\win32u.dll
0x00007ffa107c0000 - 0x00007ffa107e9000 	C:\WINDOWS\System32\GDI32.dll
0x00007ffa0eac0000 - 0x00007ffa0ebd8000 	C:\WINDOWS\System32\gdi32full.dll
0x00007ffa0ebe0000 - 0x00007ffa0ec7a000 	C:\WINDOWS\System32\msvcp_win.dll
0x00007ff9fba00000 - 0x00007ff9fbc93000 	C:\WINDOWS\WinSxS\amd64_microsoft.windows.common-controls_6595b64144ccf1df_6.0.22621.2506_none_270c5ae97388e100\COMCTL32.dll
0x00007ffa05900000 - 0x00007ffa0590a000 	C:\WINDOWS\SYSTEM32\VERSION.dll
0x00007ffa10be0000 - 0x00007ffa10c11000 	C:\WINDOWS\System32\IMM32.DLL
0x00007ff9fbdc0000 - 0x00007ff9fbdcc000 	C:\Program Files\Java\jdk-17.0.2\bin\vcruntime140_1.dll
0x00007ff9c3060000 - 0x00007ff9c30ed000 	C:\Program Files\Java\jdk-17.0.2\bin\msvcp140.dll
0x00007ff99a060000 - 0x00007ff99ac21000 	C:\Program Files\Java\jdk-17.0.2\bin\server\jvm.dll
0x00007ffa0f7b0000 - 0x00007ffa0f7b8000 	C:\WINDOWS\System32\PSAPI.DLL
0x00007ffa04660000 - 0x00007ffa04669000 	C:\WINDOWS\SYSTEM32\WSOCK32.dll
0x00007ffa10510000 - 0x00007ffa10581000 	C:\WINDOWS\System32\WS2_32.dll
0x00007ffa05940000 - 0x00007ffa05974000 	C:\WINDOWS\SYSTEM32\WINMM.dll
0x00007ffa0d7a0000 - 0x00007ffa0d7b8000 	C:\WINDOWS\SYSTEM32\kernel.appcore.dll
0x00007ff9f8530000 - 0x00007ff9f853a000 	C:\Program Files\Java\jdk-17.0.2\bin\jimage.dll
0x00007ffa0b8d0000 - 0x00007ffa0bb03000 	C:\WINDOWS\SYSTEM32\DBGHELP.DLL
0x00007ffa10ce0000 - 0x00007ffa11069000 	C:\WINDOWS\System32\combase.dll
0x00007ffa10430000 - 0x00007ffa10507000 	C:\WINDOWS\System32\OLEAUT32.dll
0x00007ff9efe20000 - 0x00007ff9efe52000 	C:\WINDOWS\SYSTEM32\dbgcore.DLL
0x00007ffa0ea10000 - 0x00007ffa0ea8a000 	C:\WINDOWS\System32\bcryptPrimitives.dll
0x00007ff9f6800000 - 0x00007ff9f680e000 	C:\Program Files\Java\jdk-17.0.2\bin\instrument.dll
0x00007ff9d3f30000 - 0x00007ff9d3f55000 	C:\Program Files\Java\jdk-17.0.2\bin\java.dll
0x00007ff9c2ac0000 - 0x00007ff9c2b96000 	C:\Program Files\Java\jdk-17.0.2\bin\jsvml.dll
0x00007ffa0fbd0000 - 0x00007ffa1042a000 	C:\WINDOWS\System32\SHELL32.dll
0x00007ffa0c6b0000 - 0x00007ffa0cfa6000 	C:\WINDOWS\SYSTEM32\windows.storage.dll
0x00007ffa0c570000 - 0x00007ffa0c6ae000 	C:\WINDOWS\SYSTEM32\wintypes.dll
0x00007ffa11070000 - 0x00007ffa11163000 	C:\WINDOWS\System32\SHCORE.dll
0x00007ffa0f7c0000 - 0x00007ffa0f81e000 	C:\WINDOWS\System32\shlwapi.dll
0x00007ffa0e6e0000 - 0x00007ffa0e706000 	C:\WINDOWS\SYSTEM32\profapi.dll
0x00007ff9de690000 - 0x00007ff9de6a8000 	C:\Program Files\Java\jdk-17.0.2\bin\zip.dll
0x00007ff9d4c70000 - 0x00007ff9d4c89000 	C:\Program Files\Java\jdk-17.0.2\bin\net.dll
0x00007ffa03b30000 - 0x00007ffa03c67000 	C:\WINDOWS\SYSTEM32\WINHTTP.dll
0x00007ffa0dc40000 - 0x00007ffa0dca9000 	C:\WINDOWS\system32\mswsock.dll
0x00007ff9d44f0000 - 0x00007ff9d4506000 	C:\Program Files\Java\jdk-17.0.2\bin\nio.dll
0x00007ffa096e0000 - 0x00007ffa096f0000 	C:\Program Files\Java\jdk-17.0.2\bin\verify.dll
0x00007ff9de6b0000 - 0x00007ff9de6d7000 	C:\Users\risha\.gradle\native\68d5fa5c4cc2d200863cafc0d521ce42e7d3e7ee720ec0a83991735586a16f82\windows-amd64\native-platform.dll
0x00007ff9baa10000 - 0x00007ff9bab54000 	C:\Users\risha\.gradle\native\e376f236ea51e6404a007f0833ffe2c6e607c4080706a723a18a27aeea778392\windows-amd64\native-platform-file-events.dll
0x00007ffa05920000 - 0x00007ffa05929000 	C:\Program Files\Java\jdk-17.0.2\bin\management.dll
0x00007ff9f6580000 - 0x00007ff9f658b000 	C:\Program Files\Java\jdk-17.0.2\bin\management_ext.dll
0x00007ffa0dec0000 - 0x00007ffa0dedb000 	C:\WINDOWS\SYSTEM32\CRYPTSP.dll
0x00007ffa0d700000 - 0x00007ffa0d735000 	C:\WINDOWS\system32\rsaenh.dll
0x00007ffa0dd50000 - 0x00007ffa0dd7c000 	C:\WINDOWS\SYSTEM32\USERENV.dll
0x00007ffa0deb0000 - 0x00007ffa0debc000 	C:\WINDOWS\SYSTEM32\CRYPTBASE.dll
0x00007ffa0d250000 - 0x00007ffa0d27d000 	C:\WINDOWS\SYSTEM32\IPHLPAPI.DLL
0x00007ffa10a90000 - 0x00007ffa10a99000 	C:\WINDOWS\System32\NSI.dll
0x00007ffa03ff0000 - 0x00007ffa04009000 	C:\WINDOWS\SYSTEM32\dhcpcsvc6.DLL
0x00007ffa05290000 - 0x00007ffa052af000 	C:\WINDOWS\SYSTEM32\dhcpcsvc.DLL
0x00007ffa0d2d0000 - 0x00007ffa0d3c9000 	C:\WINDOWS\SYSTEM32\DNSAPI.dll
0x00007ff9f5bf0000 - 0x00007ff9f5bfe000 	C:\Program Files\Java\jdk-17.0.2\bin\sunmscapi.dll
0x00007ffa0e7b0000 - 0x00007ffa0e916000 	C:\WINDOWS\System32\CRYPT32.dll
0x00007ffa0e070000 - 0x00007ffa0e09e000 	C:\WINDOWS\SYSTEM32\ncrypt.dll
0x00007ffa0e030000 - 0x00007ffa0e067000 	C:\WINDOWS\SYSTEM32\NTASN1.dll
0x00007ff9bc300000 - 0x00007ff9bc308000 	C:\WINDOWS\system32\wshunix.dll

dbghelp: loaded successfully - version: 4.0.5 - missing functions: none
symbol engine: initialized successfully - sym options: 0x614 - pdb path: .;C:\Program Files\Java\jdk-17.0.2\bin;C:\WINDOWS\SYSTEM32;C:\WINDOWS\WinSxS\amd64_microsoft.windows.common-controls_6595b64144ccf1df_6.0.22621.2506_none_270c5ae97388e100;C:\Program Files\Java\jdk-17.0.2\bin\server;C:\Users\risha\.gradle\native\68d5fa5c4cc2d200863cafc0d521ce42e7d3e7ee720ec0a83991735586a16f82\windows-amd64;C:\Users\risha\.gradle\native\e376f236ea51e6404a007f0833ffe2c6e607c4080706a723a18a27aeea778392\windows-amd64

VM Arguments:
jvm_args: -XX:MaxMetaspaceSize=512m --add-opens=java.base/java.util=ALL-UNNAMED --add-opens=java.base/java.lang=ALL-UNNAMED --add-opens=java.base/java.lang.invoke=ALL-UNNAMED --add-opens=java.prefs/java.util.prefs=ALL-UNNAMED --add-opens=java.base/java.nio.charset=ALL-UNNAMED --add-opens=java.base/java.net=ALL-UNNAMED --add-opens=java.base/java.util.concurrent.atomic=ALL-UNNAMED -Xmx2048m -Dfile.encoding=utf8 -Duser.country=US -Duser.language=en -Duser.variant -javaagent:C:\Users\risha\.gradle\wrapper\dists\gradle-8.3-all\6en3ugtfdg5xnpx44z4qbwgas\gradle-8.3\lib\agents\gradle-instrumentation-agent-8.3.jar 
java_command: org.gradle.launcher.daemon.bootstrap.GradleDaemon 8.3
java_class_path (initial): C:\Users\risha\.gradle\wrapper\dists\gradle-8.3-all\6en3ugtfdg5xnpx44z4qbwgas\gradle-8.3\lib\gradle-launcher-8.3.jar
Launcher Type: SUN_STANDARD

[Global flags]
     intx CICompilerCount                          = 3                                         {product} {ergonomic}
   size_t CompressedClassSpaceSize                 = 432013312                                 {product} {ergonomic}
     uint ConcGCThreads                            = 1                                         {product} {ergonomic}
     uint G1ConcRefinementThreads                  = 4                                         {product} {ergonomic}
   size_t G1HeapRegionSize                         = 1048576                                   {product} {ergonomic}
    uintx GCDrainStackTargetSize                   = 64                                        {product} {ergonomic}
   size_t InitialHeapSize                          = 65011712                                  {product} {ergonomic}
   size_t MarkStackSize                            = 4194304                                   {product} {ergonomic}
   size_t MaxHeapSize                              = 2147483648                                {product} {command line}
   size_t MaxMetaspaceSize                         = 536870912                                 {product} {command line}
   size_t MaxNewSize                               = 1287651328                                {product} {ergonomic}
   size_t MinHeapDeltaBytes                        = 1048576                                   {product} {ergonomic}
   size_t MinHeapSize                              = 8388608                                   {product} {ergonomic}
    uintx NonNMethodCodeHeapSize                   = 5832780                                {pd product} {ergonomic}
    uintx NonProfiledCodeHeapSize                  = 122912730                              {pd product} {ergonomic}
    uintx ProfiledCodeHeapSize                     = 122912730                              {pd product} {ergonomic}
    uintx ReservedCodeCacheSize                    = 251658240                              {pd product} {ergonomic}
     bool SegmentedCodeCache                       = true                                      {product} {ergonomic}
   size_t SoftMaxHeapSize                          = 2147483648                             {manageable} {ergonomic}
     bool UseCompressedClassPointers               = true                           {product lp64_product} {ergonomic}
     bool UseCompressedOops                        = true                           {product lp64_product} {ergonomic}
     bool UseG1GC                                  = true                                      {product} {ergonomic}
     bool UseLargePagesIndividualAllocation        = false                                  {pd product} {ergonomic}

Logging:
Log output configuration:
 #0: stdout all=warning uptime,level,tags
 #1: stderr all=off uptime,level,tags

Environment Variables:
PATH=C:\Program Files\Common Files\Oracle\Java\javapath;C:\Python310\Scripts\;C:\Python310\;C:\WINDOWS\system32;C:\WINDOWS;C:\WINDOWS\System32\Wbem;C:\WINDOWS\System32\WindowsPowerShell\v1.0\;C:\WINDOWS\System32\OpenSSH\;C:\Program Files\Git\cmd;C:\ProgramData\chocolatey\bin;C:\Program Files\dotnet\;C:\Program Files\nodejs\;C:\Users\risha\AppData\Local\Android\Sdk;C:\Users\risha\AppData\Local\Android\Sdk\platform-tools;C:\Users\risha\AppData\Local\Android\Sdk\tools\bin;C:\Users\risha\AppData\Local\Android\Sdk\tools;C:\Users\risha\AppData\Local\Android\Sdk\emulator;C:\Program Files\gradle-2.8\bin;C:\Users\risha\AppData\Local\Microsoft\WindowsApps;C:\Users\risha\AppData\Local\Programs\Microsoft VS Code\bin;C:\Program Files (x86)\MinGW\bin;C:\Program Files\JetBrains\IntelliJ IDEA Community Edition 2021.3.2\bin;;C:\Program Files\Java\jdk-17.0.2\bin;C:\Users\risha\AppData\Roaming\npm;C:\Users\risha\AppData\Local\Android\Sdk;C:\Users\risha\AppData\Local\Android\Sdk\platform-tools;C:\Users\risha\AppData\Local\Android\Sdk\emulator;C:\Users\risha\AppData\Local\Android\Sdk\tools;C:\Users\risha\AppData\Local\Android\Sdk\tools\bin;
USERNAME=Rishav
OS=Windows_NT
PROCESSOR_IDENTIFIER=Intel64 Family 6 Model 142 Stepping 12, GenuineIntel



---------------  S Y S T E M  ---------------

OS:
 Windows 11 , 64 bit Build 22621 (10.0.22621.2506)
OS uptime: 0 days 4:21 hours
Hyper-V role detected

CPU: total 4 (initial active 4) (2 cores per cpu, 2 threads per core) family 6 model 142 stepping 12 microcode 0xf8, cx8, cmov, fxsr, ht, mmx, 3dnowpref, sse, sse2, sse3, ssse3, sse4.1, sse4.2, popcnt, lzcnt, tsc, tscinvbit, avx, avx2, aes, erms, clmul, bmi1, bmi2, adx, fma, vzeroupper, clflush, clflushopt, hv

Memory: 4k page, system-wide physical 3944M (146M free)
TotalPageFile size 16232M (AvailPageFile size 7M)
current process WorkingSet (physical memory assigned to process): 149M, peak: 149M
current process commit charge ("private bytes"): 213M, peak: 214M

vm_info: Java HotSpot(TM) 64-Bit Server VM (17.0.2+8-LTS-86) for windows-amd64 JRE (17.0.2+8-LTS-86), built on Dec  7 2021 21:51:03 by "mach5one" with MS VC++ 16.8 / 16.9 (VS2019)

END.
